Timestamp: 2026-06-16T06:55:37.713Z
Report: Parameter Reports - Checkout Message DB Validation

Executed Query:
select * from prm_common_masters where property_id='webwe' and param_type='COMG'

Total DB Rows: 4
Total Matched Rows: 4

Comparison Details (DB vs PDF):
1. matched=true | matchedValueCount=5 | missingValueCount=0
   relevant: param_code=CH, description=CHECKOUT SAFELY TEST, active=Ü, created_by=ARCHANA, created_on=07/10/2025
   matched: param_code=CH, description=CHECKOUT SAFELY TEST, active=Ü, created_by=ARCHANA, created_on=07/10/2025
   missing: none
2. matched=true | matchedValueCount=5 | missingValueCount=0
   relevant: param_code=CK, description=COLLECT KEYS FROM THE GUEST, active=Ü, created_by=SYSTEM_USER, created_on=06/05/2025
   matched: param_code=CK, description=COLLECT KEYS FROM THE GUEST, active=Ü, created_by=SYSTEM_USER, created_on=06/05/2025
   missing: none
3. matched=true | matchedValueCount=5 | missingValueCount=0
   relevant: param_code=CT, description=CHECKOUT TIME AFTER 12 PM, active=Ü, created_by=SUP, created_on=14/05/2025
   matched: param_code=CT, description=CHECKOUT TIME AFTER 12 PM, active=Ü, created_by=SUP, created_on=14/05/2025
   missing: none
4. matched=true | matchedValueCount=5 | missingValueCount=0
   relevant: param_code=FC, description=FEEDBACK FORM FILL, active=Ü, created_by=ARCHANA, created_on=16/05/2025
   matched: param_code=FC, description=FEEDBACK FORM FILL, active=Ü, created_by=ARCHANA, created_on=16/05/2025
   missing: none

PDF Text File: E:\Automation Project\WebWish 2\reports\db\parameter-reports\checkout-message-report-pdf-text.txt
JSON Comparison File: E:\Automation Project\WebWish 2\reports\db\parameter-reports\checkout-message-report-vs-db.json